[16:21:28] Starting 'compile'...
[16:21:28] Starting 'compile.clean'...
[16:21:28] Finished 'compile.clean' after 211 ms
[16:21:28] Starting 'install.bower'...
(node:25435) fs: re-evaluating native module sources is not supported. If you are using the graceful-fs module, please update it to a more recent version.
bower angular-animate extra-resolution Unnecessary resolution: angular-animate#~1.5.3
bower angular-sanitize extra-resolution Unnecessary resolution: angular-sanitize#1.5.3
[16:21:29] Finished 'install.bower' after 961 ms
[16:21:29] Starting 'plugin'...
plugin => 尚未添加cordova plugin，如果需要，请编辑/plugins.conf.js文件
[16:21:29] Finished 'plugin' after 2.57 ms
[16:21:29] Starting 'install.plugin'...
[16:21:29] Finished 'install.plugin' after 4.41 μs
[16:21:29] Starting 'compile.jade'...
[16:21:30] Finished 'compile.jade' after 466 ms
[16:21:30] Starting 'compile.font.icon'...
[16:21:31] gulp-svgicons2svgfont: Font created
[16:21:33] Finished 'compile.font.icon' after 2.8 s
[16:21:33] Starting 'compile.glyph.icon'...
[16:21:33] Finished 'compile.glyph.icon' after 441 ms
[16:21:33] Starting 'compile.sass'...
[16:21:35] Finished 'compile.sass' after 1.98 s
[16:21:35] Starting 'compile.coffee'...
[16:21:35] Finished 'compile.coffee' after 309 ms
[16:21:35] Starting 'compile.es6'...
[16:21:40] Finished 'compile.es6' after 4.42 s
[16:21:40] Starting 'compile.typescript'...
[16:21:40] Finished 'compile.typescript' after 496 ms
[16:21:40] Starting 'copy.css'...
[16:21:40] Finished 'copy.css' after 61 ms
[16:21:40] Starting 'copy.images'...
[16:21:40] Finished 'copy.images' after 12 ms
[16:21:40] Starting 'copy.assets'...
[16:21:40] Finished 'copy.assets' after 791 μs
[16:21:40] Starting 'copy.bower'...
[16:21:41] Finished 'copy.bower' after 210 ms
[16:21:41] Starting 'copy.root.files'...
[16:21:41] Finished 'copy.root.files' after 11 ms
[16:21:41] Starting 'wire.app.js'...
[16:21:41] Starting 'wire.app.scss'...
[16:21:41] gulp-inject 67 files into _app.scss.
[16:21:41] Finished 'wire.app.scss' after 183 ms
[16:21:41] gulp-inject 164 files into index.html.
[16:21:41] Finished 'wire.app.js' after 447 ms
[16:21:41] Starting 'wire.app'...
[16:21:41] Finished 'wire.app' after 3.25 μs
[16:21:41] Starting 'install.bower'...
(node:25436) fs: re-evaluating native module sources is not supported. If you are using the graceful-fs module, please update it to a more recent version.
bower angular-animate extra-resolution Unnecessary resolution: angular-animate#~1.5.3
bower angular-sanitize extra-resolution Unnecessary resolution: angular-sanitize#1.5.3
[16:21:42] Finished 'install.bower' after 947 ms
[16:21:42] Starting 'wire.bower.js'...
[16:21:42] Starting 'wire.bower.css'...
[16:21:42] Finished 'wire.bower.css' after 140 ms
[16:21:42] Finished 'wire.bower.js' after 194 ms
[16:21:42] Starting 'wire.bower'...
[16:21:42] Finished 'wire.bower' after 3.57 μs
[16:21:42] Starting 'copy.html'...
[16:21:42] Finished 'copy.html' after 250 ms
[16:21:42] Starting 'compile.templates'...
[16:21:43] Finished 'compile.templates' after 646 ms
[16:21:43] Finished 'compile' after 15 s
[16:21:43] Starting 'watch'...
[16:21:43] Finished 'watch' after 30 ms
[16:21:43] Starting 'serve'...
[16:21:43] Finished 'serve' after 56 ms
[16:21:43] Starting 'server'...
[16:21:43] Finished 'server' after 11 μs
[
